find_header: checking for prism.h in /home/runner/work/teams_api/teams_api/vendor/bundle/ruby/3.0.0/gems/prism-1.4.0/include... -------------------- yes

"gcc -o conftest -I/opt/hostedtoolcache/Ruby/3.0.7/x64/include/ruby-3.0.0/x86_64-linux -I/opt/hostedtoolcache/Ruby/3.0.7/x64/include/ruby-3.0.0/ruby/backward -I/opt/hostedtoolcache/Ruby/3.0.7/x64/include/ruby-3.0.0 -I. -DENABLE_PATH_CHECK=0   -O3 -ggdb3 -Wall -Wextra -Wdeprecated-declarations -Wduplicated-cond -Wimplicit-function-declaration -Wimplicit-int -Wmisleading-indentation -Wpointer-arith -Wwrite-strings -Wimplicit-fallthrough=0 -Wmissing-noreturn -Wno-cast-function-type -Wno-constant-logical-operand -Wno-long-long -Wno-missing-field-initializers -Wno-overlength-strings -Wno-packed-bitfield-compat -Wno-parentheses-equality -Wno-self-assign -Wno-tautological-compare -Wno-unused-parameter -Wno-unused-value -Wsuggest-attribute=format -Wsuggest-attribute=noreturn -Wunused-variable  -fPIC conftest.c  -L. -L/opt/hostedtoolcache/Ruby/3.0.7/x64/lib -Wl,-rpath,/opt/hostedtoolcache/Ruby/3.0.7/x64/lib -L. -fstack-protector-strong -rdynamic -Wl,-export-dynamic -Wl,--no-as-needed     -Wl,-rpath,/opt/hostedtoolcache/Ruby/3.0.7/x64/lib -L/opt/hostedtoolcache/Ruby/3.0.7/x64/lib -lruby  -lm   -lc"
checked program was:
/* begin */
1: #include "ruby.h"
2: 
3: int main(int argc, char **argv)
4: {
5:   return !!argv[argc];
6: }
/* end */

"gcc -E -I/opt/hostedtoolcache/Ruby/3.0.7/x64/include/ruby-3.0.0/x86_64-linux -I/opt/hostedtoolcache/Ruby/3.0.7/x64/include/ruby-3.0.0/ruby/backward -I/opt/hostedtoolcache/Ruby/3.0.7/x64/include/ruby-3.0.0 -I. -DENABLE_PATH_CHECK=0   -O3 -ggdb3 -Wall -Wextra -Wdeprecated-declarations -Wduplicated-cond -Wimplicit-function-declaration -Wimplicit-int -Wmisleading-indentation -Wpointer-arith -Wwrite-strings -Wimplicit-fallthrough=0 -Wmissing-noreturn -Wno-cast-function-type -Wno-constant-logical-operand -Wno-long-long -Wno-missing-field-initializers -Wno-overlength-strings -Wno-packed-bitfield-compat -Wno-parentheses-equality -Wno-self-assign -Wno-tautological-compare -Wno-unused-parameter -Wno-unused-value -Wsuggest-attribute=format -Wsuggest-attribute=noreturn -Wunused-variable  -fPIC  conftest.c -o conftest.i"
conftest.c:3:10: fatal error: prism.h: No such file or directory
    3 | #include <prism.h>
      |          ^~~~~~~~~
compilation terminated.
checked program was:
/* begin */
1: #include "ruby.h"
2: 
3: #include <prism.h>
/* end */

"gcc -E -I/opt/hostedtoolcache/Ruby/3.0.7/x64/include/ruby-3.0.0/x86_64-linux -I/opt/hostedtoolcache/Ruby/3.0.7/x64/include/ruby-3.0.0/ruby/backward -I/opt/hostedtoolcache/Ruby/3.0.7/x64/include/ruby-3.0.0 -I. -DENABLE_PATH_CHECK=0   -O3 -ggdb3 -Wall -Wextra -Wdeprecated-declarations -Wduplicated-cond -Wimplicit-function-declaration -Wimplicit-int -Wmisleading-indentation -Wpointer-arith -Wwrite-strings -Wimplicit-fallthrough=0 -Wmissing-noreturn -Wno-cast-function-type -Wno-constant-logical-operand -Wno-long-long -Wno-missing-field-initializers -Wno-overlength-strings -Wno-packed-bitfield-compat -Wno-parentheses-equality -Wno-self-assign -Wno-tautological-compare -Wno-unused-parameter -Wno-unused-value -Wsuggest-attribute=format -Wsuggest-attribute=noreturn -Wunused-variable  -fPIC -I/home/runner/work/teams_api/teams_api/vendor/bundle/ruby/3.0.0/gems/prism-1.4.0/include conftest.c -o conftest.i"
checked program was:
/* begin */
1: #include "ruby.h"
2: 
3: #include <prism.h>
/* end */

--------------------

find_header: checking for prism/extension.h in /home/runner/work/teams_api/teams_api/vendor/bundle/ruby/3.0.0/gems/prism-1.4.0/ext... -------------------- yes

"gcc -E -I/opt/hostedtoolcache/Ruby/3.0.7/x64/include/ruby-3.0.0/x86_64-linux -I/opt/hostedtoolcache/Ruby/3.0.7/x64/include/ruby-3.0.0/ruby/backward -I/opt/hostedtoolcache/Ruby/3.0.7/x64/include/ruby-3.0.0 -I. -I/home/runner/work/teams_api/teams_api/vendor/bundle/ruby/3.0.0/gems/prism-1.4.0/include -DENABLE_PATH_CHECK=0   -O3 -ggdb3 -Wall -Wextra -Wdeprecated-declarations -Wduplicated-cond -Wimplicit-function-declaration -Wimplicit-int -Wmisleading-indentation -Wpointer-arith -Wwrite-strings -Wimplicit-fallthrough=0 -Wmissing-noreturn -Wno-cast-function-type -Wno-constant-logical-operand -Wno-long-long -Wno-missing-field-initializers -Wno-overlength-strings -Wno-packed-bitfield-compat -Wno-parentheses-equality -Wno-self-assign -Wno-tautological-compare -Wno-unused-parameter -Wno-unused-value -Wsuggest-attribute=format -Wsuggest-attribute=noreturn -Wunused-variable  -fPIC  conftest.c -o conftest.i"
conftest.c:3:10: fatal error: prism/extension.h: No such file or directory
    3 | #include <prism/extension.h>
      |          ^~~~~~~~~~~~~~~~~~~
compilation terminated.
checked program was:
/* begin */
1: #include "ruby.h"
2: 
3: #include <prism/extension.h>
/* end */

"gcc -E -I/opt/hostedtoolcache/Ruby/3.0.7/x64/include/ruby-3.0.0/x86_64-linux -I/opt/hostedtoolcache/Ruby/3.0.7/x64/include/ruby-3.0.0/ruby/backward -I/opt/hostedtoolcache/Ruby/3.0.7/x64/include/ruby-3.0.0 -I. -I/home/runner/work/teams_api/teams_api/vendor/bundle/ruby/3.0.0/gems/prism-1.4.0/include -DENABLE_PATH_CHECK=0   -O3 -ggdb3 -Wall -Wextra -Wdeprecated-declarations -Wduplicated-cond -Wimplicit-function-declaration -Wimplicit-int -Wmisleading-indentation -Wpointer-arith -Wwrite-strings -Wimplicit-fallthrough=0 -Wmissing-noreturn -Wno-cast-function-type -Wno-constant-logical-operand -Wno-long-long -Wno-missing-field-initializers -Wno-overlength-strings -Wno-packed-bitfield-compat -Wno-parentheses-equality -Wno-self-assign -Wno-tautological-compare -Wno-unused-parameter -Wno-unused-value -Wsuggest-attribute=format -Wsuggest-attribute=noreturn -Wunused-variable  -fPIC -I/home/runner/work/teams_api/teams_api/vendor/bundle/ruby/3.0.0/gems/prism-1.4.0/ext conftest.c -o conftest.i"
checked program was:
/* begin */
1: #include "ruby.h"
2: 
3: #include <prism/extension.h>
/* end */

--------------------

block in append_cflags: checking for whether -fvisibility=hidden is accepted as CFLAGS... -------------------- yes

"gcc -I/opt/hostedtoolcache/Ruby/3.0.7/x64/include/ruby-3.0.0/x86_64-linux -I/opt/hostedtoolcache/Ruby/3.0.7/x64/include/ruby-3.0.0/ruby/backward -I/opt/hostedtoolcache/Ruby/3.0.7/x64/include/ruby-3.0.0 -I. -I/home/runner/work/teams_api/teams_api/vendor/bundle/ruby/3.0.0/gems/prism-1.4.0/include -I/home/runner/work/teams_api/teams_api/vendor/bundle/ruby/3.0.0/gems/prism-1.4.0/ext -DENABLE_PATH_CHECK=0   -O3 -ggdb3 -Wall -Wextra -Wdeprecated-declarations -Wduplicated-cond -Wimplicit-function-declaration -Wimplicit-int -Wmisleading-indentation -Wpointer-arith -Wwrite-strings -Wimplicit-fallthrough=0 -Wmissing-noreturn -Wno-cast-function-type -Wno-constant-logical-operand -Wno-long-long -Wno-missing-field-initializers -Wno-overlength-strings -Wno-packed-bitfield-compat -Wno-parentheses-equality -Wno-self-assign -Wno-tautological-compare -Wno-unused-parameter -Wno-unused-value -Wsuggest-attribute=format -Wsuggest-attribute=noreturn -Wunused-variable  -fPIC  -fvisibility=hidden -Werror -c conftest.c"
checked program was:
/* begin */
1: #include "ruby.h"
2: 
3: int main(int argc, char **argv)
4: {
5:   return !!argv[argc];
6: }
/* end */

--------------------

